<?xml version="1.0" encoding="UTF-8"?>
<!-- Generated by org.testng.reporters.JUnitReportReporter -->
<testsuite skipped="0" hostname="LAPTOP-TLVMSCAM" name="TestNGConcept.TestNGPractice" tests="1" failures="0" timestamp="2020-01-23T10:39:37 IST" time="0.008" errors="0">
  <testcase name="test" time="0.008" classname="TestNGConcept.TestNGPractice"/>
</testsuite> <!-- TestNGConcept.TestNGPractice -->
