<?xml version="1.0" encoding="UTF-8"?>
<!-- Generated by org.testng.reporters.JUnitReportReporter -->
<testsuite skipped="0" hostname="LAPTOP-TLVMSCAM" name="com.qa.hubspot.tests.ContactsPageTest" tests="4" failures="0" timestamp="2020-02-08T14:33:37 IST" time="111.358" errors="0">
  <testcase name="creatContactsTest" time="27.904" classname="com.qa.hubspot.tests.ContactsPageTest"/>
  <testcase name="creatContactsTest" time="27.405" classname="com.qa.hubspot.tests.ContactsPageTest"/>
  <testcase name="creatContactsTest" time="27.444" classname="com.qa.hubspot.tests.ContactsPageTest"/>
  <testcase name="creatContactsTest" time="28.605" classname="com.qa.hubspot.tests.ContactsPageTest"/>
</testsuite> <!-- com.qa.hubspot.tests.ContactsPageTest -->
