<?xml version="1.0" encoding="UTF-8"?>
<!-- Generated by org.testng.reporters.JUnitReportReporter -->
<testsuite skipped="0" hostname="LAPTOP-TLVMSCAM" name="com.qa.hubspot.tests.HomePageTest" tests="3" failures="0" timestamp="2020-02-01T19:02:32 IST" time="5.903" errors="0">
  <testcase name="verifyHomePageTitleTest" time="4.924" classname="com.qa.hubspot.tests.HomePageTest"/>
  <testcase name="verifyHomePageHeaderTest" time="0.412" classname="com.qa.hubspot.tests.HomePageTest"/>
  <testcase name="verifyloggedInUserName" time="0.567" classname="com.qa.hubspot.tests.HomePageTest"/>
</testsuite> <!-- com.qa.hubspot.tests.HomePageTest -->
